<?xml version="1.0" encoding="utf-8"?><testsuites name="pytest tests"><testsuite name="pytest" errors="0" failures="0" skipped="0" tests="22" time="18.115" timestamp="2026-05-30T09:51:49.288742+00:00" hostname="agent-env-b2262f87-a85b-44f0-9de0-fec0b3eba7e4"><testcase classname="backend.tests.test_assistant.TestRegressionEmergentKey" name="test_health" time="0.151" /><testcase classname="backend.tests.test_assistant.TestRegressionEmergentKey" name="test_languages" time="0.051" /><testcase classname="backend.tests.test_assistant.TestRegressionEmergentKey" name="test_transcribe_process" time="0.560" /><testcase classname="backend.tests.test_assistant.TestRegressionEmergentKey" name="test_transcribe_summarize" time="3.806" /><testcase classname="backend.tests.test_assistant.TestRegressionEmergentKey" name="test_transcribe_translate_telugu" time="0.579" /><testcase classname="backend.tests.test_assistant.TestRegressionEmergentKey" name="test_transcribe_command" time="0.686" /><testcase classname="backend.tests.test_assistant.TestRegressionEmergentKey" name="test_stats" time="0.053" /><testcase classname="backend.tests.test_assistant.TestRegressionEmergentKey" name="test_settings_get_put" time="0.108" /><testcase classname="backend.tests.test_assistant.TestRegressionEmergentKey" name="test_snippets_crud" time="0.206" /><testcase classname="backend.tests.test_assistant.TestRegressionEmergentKey" name="test_dictionary_crud" time="0.153" /><testcase classname="backend.tests.test_assistant.TestTranscribeFile" name="test_transcribe_file_upload" time="0.898" /><testcase classname="backend.tests.test_assistant.TestTranscribeFile" name="test_transcribe_chunk" time="1.056" /><testcase classname="backend.tests.test_assistant.TestMemory" name="test_01_add_memory" time="0.052" /><testcase classname="backend.tests.test_assistant.TestMemory" name="test_02_list_memory" time="0.048" /><testcase classname="backend.tests.test_assistant.TestMemory" name="test_03_delete_memory" time="0.049" /><testcase classname="backend.tests.test_assistant.TestMemory" name="test_04_delete_404" time="0.051" /><testcase classname="backend.tests.test_assistant.TestAssistant" name="test_01_voices_list" time="0.055" /><testcase classname="backend.tests.test_assistant.TestAssistant" name="test_02_text_with_audio" time="4.279" /><testcase classname="backend.tests.test_assistant.TestAssistant" name="test_03_text_no_audio" time="0.515" /><testcase classname="backend.tests.test_assistant.TestAssistant" name="test_04_history_present" time="0.056" /><testcase classname="backend.tests.test_assistant.TestAssistant" name="test_05_voice_endpoint_roundtrip" time="4.522" /><testcase classname="backend.tests.test_assistant.TestAssistant" name="test_06_history_clear" time="0.110" /></testsuite></testsuites>