<?xml version="1.0" encoding="utf-8"?><testsuites name="pytest tests"><testsuite name="pytest" errors="0" failures="0" skipped="0" tests="34" time="21.675" timestamp="2026-05-28T06:50:00.729124+00:00" hostname="agent-env-a62f435f-dab8-4715-b3b2-dfe61cd9cd5b"><testcase classname="backend.tests.backend_test" name="test_root" time="0.227" /><testcase classname="backend.tests.backend_test" name="test_get_transcriptions" time="0.177" /><testcase classname="backend.tests.backend_test" name="test_transcribe_unsupported_format" time="0.190" /><testcase classname="backend.tests.backend_test.TestTranscribeWithTimestamps" name="test_01_transcribe_returns_segments_words" time="4.277" /><testcase classname="backend.tests.backend_test.TestTranscribeWithTimestamps" name="test_02_export_txt" time="0.172" /><testcase classname="backend.tests.backend_test.TestTranscribeWithTimestamps" name="test_03_export_srt" time="0.187" /><testcase classname="backend.tests.backend_test.TestTranscribeWithTimestamps" name="test_04_export_vtt" time="0.184" /><testcase classname="backend.tests.backend_test.TestTranscribeWithTimestamps" name="test_05_export_invalid_format" time="0.203" /><testcase classname="backend.tests.backend_test.TestTranscribeWithTimestamps" name="test_06_export_404" time="0.169" /><testcase classname="backend.tests.backend_test.TestTranscribeWithTimestamps" name="test_99_cleanup" time="0.156" /><testcase classname="backend.tests.backend_test.TestDiarize" name="test_single_speaker_monologue" time="1.132" /><testcase classname="backend.tests.backend_test.TestDiarize" name="test_multi_speaker_dialogue" time="1.713" /><testcase classname="backend.tests.backend_test.TestDiarize" name="test_diarize_preserves_text_and_timing" time="1.139" /><testcase classname="backend.tests.backend_test" name="test_process_text" time="1.144" /><testcase classname="backend.tests.backend_test" name="test_delete_transcription_404" time="0.177" /><testcase classname="backend.tests.backend_test.TestDictionary" name="test_01_add_word" time="0.334" /><testcase classname="backend.tests.backend_test.TestDictionary" name="test_02_duplicate_word" time="0.126" /><testcase classname="backend.tests.backend_test.TestDictionary" name="test_03_duplicate_case_insensitive" time="0.157" /><testcase classname="backend.tests.backend_test.TestDictionary" name="test_04_delete_word" time="0.206" /><testcase classname="backend.tests.backend_test.TestDictionary" name="test_05_delete_word_404" time="0.174" /><testcase classname="backend.tests.backend_test.TestIteration3Storage" name="test_01_transcribe_returns_audio_path" time="2.928" /><testcase classname="backend.tests.backend_test.TestIteration3Storage" name="test_02_get_audio_returns_bytes" time="0.424" /><testcase classname="backend.tests.backend_test.TestIteration3Storage" name="test_03_get_audio_404_nonexistent" time="0.136" /><testcase classname="backend.tests.backend_test.TestIteration3Storage" name="test_04_get_audio_404_no_audio_path" time="0.293" /><testcase classname="backend.tests.backend_test.TestIteration3Storage" name="test_99_cleanup" time="0.128" /><testcase classname="backend.tests.backend_test.TestIteration3SpeakerLabels" name="test_01_setup_create_transcript" time="1.077" /><testcase classname="backend.tests.backend_test.TestIteration3SpeakerLabels" name="test_02_patch_speaker_labels" time="0.165" /><testcase classname="backend.tests.backend_test.TestIteration3SpeakerLabels" name="test_03_speaker_labels_persist" time="0.140" /><testcase classname="backend.tests.backend_test.TestIteration3SpeakerLabels" name="test_04_patch_speakers_overwrite" time="0.260" /><testcase classname="backend.tests.backend_test.TestIteration3SpeakerLabels" name="test_05_patch_speakers_404" time="0.142" /><testcase classname="backend.tests.backend_test.TestIteration3SpeakerLabels" name="test_99_cleanup" time="0.161" /><testcase classname="backend.tests.backend_test.TestIteration3Chunk" name="test_01_chunk_small_returns_empty" time="0.160" /><testcase classname="backend.tests.backend_test.TestIteration3Chunk" name="test_02_chunk_wav_returns_text_field" time="1.536" /><testcase classname="backend.tests.backend_test.TestIteration3Chunk" name="test_03_chunk_unknown_ext_handled" time="1.610" /></testsuite></testsuites>