<?xml version="1.0" encoding="utf-8"?><testsuites name="pytest tests"><testsuite name="pytest" errors="0" failures="3" skipped="0" tests="11" time="6.166" timestamp="2026-05-28T06:05:52.455735+00:00" hostname="agent-env-a62f435f-dab8-4715-b3b2-dfe61cd9cd5b"><testcase classname="backend_test" name="test_root" time="0.251" /><testcase classname="backend_test" name="test_get_transcriptions" time="0.291" /><testcase classname="backend_test" name="test_transcribe_unsupported_format" time="0.248"><failure message="assert 500 == 400&#10; +  where 500 = &lt;Response [500]&gt;.status_code">backend_test.py:44: in test_transcribe_unsupported_format
    assert r.status_code == 400
E   assert 500 == 400
E    +  where 500 = &lt;Response [500]&gt;.status_code</failure></testcase><testcase classname="backend_test" name="test_transcribe_wav_file" time="3.393" /><testcase classname="backend_test" name="test_process_text" time="0.191"><failure message="AssertionError: Status 500: {&quot;detail&quot;:&quot;Processing failed: cannot import name 'OpenAIChat' from 'emergentintegrations.llm.openai' (/root/.venv/lib/python3.11/site-packages/emergentintegrations/llm/openai/__init__.py)&quot;}&#10;assert 500 == 200&#10; +  where 500 = &lt;Response [500]&gt;.status_code">backend_test.py:69: in test_process_text
    assert r.status_code == 200, f"Status {r.status_code}: {r.text}"
E   AssertionError: Status 500: {"detail":"Processing failed: cannot import name 'OpenAIChat' from 'emergentintegrations.llm.openai' (/root/.venv/lib/python3.11/site-packages/emergentintegrations/llm/openai/__init__.py)"}
E   assert 500 == 200
E    +  where 500 = &lt;Response [500]&gt;.status_code</failure></testcase><testcase classname="backend_test" name="test_delete_transcription_404" time="0.169" /><testcase classname="backend_test.TestDictionary" name="test_01_add_word" time="0.351" /><testcase classname="backend_test.TestDictionary" name="test_02_duplicate_word" time="0.190"><failure message="assert 200 == 400&#10; +  where 200 = &lt;Response [200]&gt;.status_code">backend_test.py:101: in test_02_duplicate_word
    assert r.status_code == 400
E   assert 200 == 400
E    +  where 200 = &lt;Response [200]&gt;.status_code</failure></testcase><testcase classname="backend_test.TestDictionary" name="test_03_get_dictionary" time="0.159" /><testcase classname="backend_test.TestDictionary" name="test_04_delete_word" time="0.341" /><testcase classname="backend_test.TestDictionary" name="test_05_delete_word_404" time="0.184" /></testsuite></testsuites>